C:\Program Files (x86)\Microsoft Visual Studio\2019\Community\MSBuild\Microsoft\VC\v160\Microsoft.CppBuild.targets(477,5): warning MSB8004: El directorio Output no termina con una barra diagonal final. Esta instancia de compilación agregará la barra diagonal porque es necesaria para que se pueda evaluar correctamente el directorio Output.
  Collider.cpp
D:\Github\PlatformerGame\Game\Source\Collider.h(4,10): fatal error C1083: No se puede abrir el archivo incluir: 'SDL/include/SDL_Rect.h': No such file or directory
  Collisions.cpp
D:\Github\PlatformerGame\Game\Source\SString.h(4,10): fatal error C1083: No se puede abrir el archivo incluir: 'Defs.h': No such file or directory
  Debug.cpp
D:\Github\PlatformerGame\Game\Source\SString.h(4,10): fatal error C1083: No se puede abrir el archivo incluir: 'Defs.h': No such file or directory
  Main.cpp
D:\Github\PlatformerGame\Game\Source\SString.h(4,10): fatal error C1083: No se puede abrir el archivo incluir: 'Defs.h': No such file or directory
  App.cpp
D:\Github\PlatformerGame\Game\Source\SString.h(4,10): fatal error C1083: No se puede abrir el archivo incluir: 'Defs.h': No such file or directory
  Audio.cpp
D:\Github\PlatformerGame\Game\Source\SString.h(4,10): fatal error C1083: No se puede abrir el archivo incluir: 'Defs.h': No such file or directory
  Input.cpp
D:\Github\PlatformerGame\Game\Source\SString.h(4,10): fatal error C1083: No se puede abrir el archivo incluir: 'Defs.h': No such file or directory
  Map.cpp
D:\Github\PlatformerGame\Game\Source\SString.h(4,10): fatal error C1083: No se puede abrir el archivo incluir: 'Defs.h': No such file or directory
  Menu.cpp
D:\Github\PlatformerGame\Game\Source\SString.h(4,10): fatal error C1083: No se puede abrir el archivo incluir: 'Defs.h': No such file or directory
  ModuleFadeToBlack.cpp
D:\Github\PlatformerGame\Game\Source\SString.h(4,10): fatal error C1083: No se puede abrir el archivo incluir: 'Defs.h': No such file or directory
  Player.cpp
D:\Github\PlatformerGame\Game\Source\SString.h(4,10): fatal error C1083: No se puede abrir el archivo incluir: 'Defs.h': No such file or directory
  Scene.cpp
D:\Github\PlatformerGame\Game\Source\SString.h(4,10): fatal error C1083: No se puede abrir el archivo incluir: 'Defs.h': No such file or directory
  Render.cpp
D:\Github\PlatformerGame\Game\Source\SString.h(4,10): fatal error C1083: No se puede abrir el archivo incluir: 'Defs.h': No such file or directory
  Textures.cpp
D:\Github\PlatformerGame\Game\Source\SString.h(4,10): fatal error C1083: No se puede abrir el archivo incluir: 'Defs.h': No such file or directory
  Window.cpp
D:\Github\PlatformerGame\Game\Source\SString.h(4,10): fatal error C1083: No se puede abrir el archivo incluir: 'Defs.h': No such file or directory
  Log.cpp
c1xx : fatal error C1083: No se puede abrir el archivo origen: 'Source\Log.cpp': No such file or directory
  pugixml.cpp
c1xx : fatal error C1083: No se puede abrir el archivo origen: 'Source\External\PugiXml\src\pugixml.cpp': No such file or directory
  Generando código...
